<?xml version="1.0" encoding="UTF-8"?>
<!-- Generated by org.testng.reporters.JUnitReportReporter -->
<testsuite hostname="SHREE" failures="0" tests="1" name="com.test.ProductDetails" time="80.168" errors="0" timestamp="2024-09-05T10:39:44 IST" skipped="0">
  <testcase classname="com.test.ProductDetails" name="testProductDetails" time="80.168"/>
  <system-out/>
</testsuite> <!-- com.test.ProductDetails -->
