<?xml version="1.0" encoding="UTF-8"?>
<!-- Generated by org.testng.reporters.JUnitReportReporter -->
<testsuite hostname="SHREE" failures="0" tests="1" name="com.test.LoginTest" time="28.938" errors="0" timestamp="2024-09-05T10:39:44 IST" skipped="0">
  <testcase classname="com.test.LoginTest" name="testClickRegisterAndLogin" time="28.938"/>
  <system-out/>
</testsuite> <!-- com.test.LoginTest -->
